<?xml version="1.0" encoding="UTF-8"?>
<!-- Generated by org.testng.reporters.JUnitReportReporter -->
<testsuite hostname="DIN35002939" name="com.capgemini.executor.Executioner" tests="1" failures="0" timestamp="30 Sep 2015 11:55:28 GMT" time="156.723" errors="0">
  <testcase name="setup" time="156.723" classname="com.capgemini.executor.Executioner"/>
</testsuite> <!-- com.capgemini.executor.Executioner -->
