<?xml version="1.0" encoding="UTF-8"?>
<!-- Generated by org.testng.reporters.JUnitReportReporter -->
<testsuite hostname="DIN35002939" name="com.capgemini.executor.Executioner" tests="2" failures="0" timestamp="5 Oct 2015 10:42:42 GMT" time="811.639" errors="0">
  <testcase name="setup" time="366.916" classname="com.capgemini.executor.Executioner"/>
  <testcase name="setup" time="444.723" classname="com.capgemini.executor.Executioner"/>
</testsuite> <!-- com.capgemini.executor.Executioner -->
